<?xml version="1.0" encoding="UTF-8"?>
<!-- Generated by org.testng.reporters.JUnitReportReporter -->
<testsuite skipped="0" hostname="Abeer" name="testng.NewTest" tests="6" failures="0" timestamp="11 Mar 2017 12:36:46 GMT" time="0.047" errors="0">
  <testcase name="testCheckTournamentExist" time="0.001" classname="testng.NewTest"/>
  <testcase name="testCheckDate" time="0.002" classname="testng.NewTest"/>
  <testcase name="testCheckTournamentExist" time="0.003" classname="testng.NewTest"/>
  <testcase name="testCheckTournamentExist" time="0.003" classname="testng.NewTest"/>
  <testcase name="testCheckDate" time="0.036" classname="testng.NewTest"/>
  <testcase name="testCheckTournamentExist" time="0.002" classname="testng.NewTest"/>
</testsuite> <!-- testng.NewTest -->
