<?xml version="1.0" encoding="UTF-8"?>
<!-- Generated by org.testng.reporters.JUnitReportReporter -->
<testsuite skipped="0" hostname="Abeer" name="testng.ProjectTest" tests="19" failures="0" timestamp="11 Mar 2017 09:33:49 GMT" time="12.164" errors="0">
  <testcase name="playGameTest" time="1.377" classname="testng.ProjectTest"/>
  <testcase name="playGameTest" time="0.654" classname="testng.ProjectTest"/>
  <testcase name="playGameTest" time="0.707" classname="testng.ProjectTest"/>
  <testcase name="signUpTest" time="1.098" classname="testng.ProjectTest"/>
  <testcase name="createGameTest" time="0.712" classname="testng.ProjectTest"/>
  <testcase name="signUpTest" time="0.001" classname="testng.ProjectTest"/>
  <testcase name="signUpTest" time="0.001" classname="testng.ProjectTest"/>
  <testcase name="createGameTest" time="0.890" classname="testng.ProjectTest"/>
  <testcase name="signUpTest" time="0.001" classname="testng.ProjectTest"/>
  <testcase name="signUpTest" time="0.010" classname="testng.ProjectTest"/>
  <testcase name="createGameTest" time="0.552" classname="testng.ProjectTest"/>
  <testcase name="signUpTest" time="0.005" classname="testng.ProjectTest"/>
  <testcase name="signUpTest" time="0.001" classname="testng.ProjectTest"/>
  <testcase name="createGameTest" time="3.117" classname="testng.ProjectTest"/>
  <testcase name="playGameTest" time="0.631" classname="testng.ProjectTest"/>
  <testcase name="createGameTest" time="0.356" classname="testng.ProjectTest"/>
  <testcase name="createGameTest" time="0.431" classname="testng.ProjectTest"/>
  <testcase name="playGameTest" time="0.840" classname="testng.ProjectTest"/>
  <testcase name="createGameTest" time="0.780" classname="testng.ProjectTest"/>
</testsuite> <!-- testng.ProjectTest -->
